<?xml version="1.0" encoding="UTF-8"?>
<robot generator="Robot 7.0 (Python 3.12.3 on win32)" generated="2025-01-27T19:37:22.856399" rpa="false" schemaversion="5">
<suite id="s1" name="Start" source="C:\Users\dayane.l.vitta\Desktop\Robot.Project\Robot_Web\start.robot">
<test id="s1-t1" name="Logar com User e Password corretos" line="5">
<kw name="Open Browser" owner="SeleniumLibrary">
<msg time="2025-01-27T19:37:23.547550" level="INFO">Opening browser 'chrome' to base url 'https://opensource-demo.orangehrmlive.com/web/index.php/auth/login'.</msg>
<arg>https://opensource-demo.orangehrmlive.com/web/index.php/auth/login</arg>
<arg>chrome</arg>
<doc>Opens a new browser instance to the optional ``url``.</doc>
<status status="PASS" start="2025-01-27T19:37:23.547550" elapsed="8.552646"/>
</kw>
<kw name="Sleep" owner="BuiltIn">
<msg time="2025-01-27T19:37:37.101955" level="INFO">Slept 5 seconds.</msg>
<arg>5</arg>
<doc>Pauses the test executed for the given time.</doc>
<status status="PASS" start="2025-01-27T19:37:32.100921" elapsed="5.001034"/>
</kw>
<kw name="Maximize Browser Window" owner="SeleniumLibrary">
<doc>Maximizes current browser window.</doc>
<status status="PASS" start="2025-01-27T19:37:37.102963" elapsed="0.059587"/>
</kw>
<kw name="Input Text" owner="SeleniumLibrary">
<msg time="2025-01-27T19:37:37.164049" level="INFO">Typing text 'Admin' into text field '//input[@name="username"]'.</msg>
<arg>//input[@name="username"]</arg>
<arg>Admin</arg>
<doc>Types the given ``text`` into the text field identified by ``locator``.</doc>
<status status="PASS" start="2025-01-27T19:37:37.163054" elapsed="0.112035"/>
</kw>
<kw name="Input Text" owner="SeleniumLibrary">
<msg time="2025-01-27T19:37:37.275707" level="INFO">Typing text 'admin123' into text field '//input[@name="password"]'.</msg>
<arg>//input[@name="password"]</arg>
<arg>admin123</arg>
<doc>Types the given ``text`` into the text field identified by ``locator``.</doc>
<status status="PASS" start="2025-01-27T19:37:37.275707" elapsed="0.103219"/>
</kw>
<kw name="Click Button" owner="SeleniumLibrary">
<msg time="2025-01-27T19:37:37.379888" level="INFO">Clicking button '//button[@class="oxd-button oxd-button--medium oxd-button--main orangehrm-login-button"]'.</msg>
<arg>//button[@class="oxd-button oxd-button--medium oxd-button--main orangehrm-login-button"]</arg>
<doc>Clicks the button identified by ``locator``.</doc>
<status status="PASS" start="2025-01-27T19:37:37.378926" elapsed="1.141350"/>
</kw>
<kw name="Sleep" owner="BuiltIn">
<msg time="2025-01-27T19:37:43.523026" level="INFO">Slept 5 seconds.</msg>
<arg>5</arg>
<doc>Pauses the test executed for the given time.</doc>
<status status="PASS" start="2025-01-27T19:37:38.522404" elapsed="5.000622"/>
</kw>
<status status="PASS" start="2025-01-27T19:37:23.547550" elapsed="19.976478"/>
</test>
<status status="PASS" start="2025-01-27T19:37:22.859397" elapsed="20.665715"/>
</suite>
<statistics>
<total>
<stat pass="1" fail="0" skip="0">All Tests</stat>
</total>
<tag>
</tag>
<suite>
<stat pass="1" fail="0" skip="0" id="s1" name="Start">Start</stat>
</suite>
</statistics>
<errors>
</errors>
</robot>
